<?xml version="1.0" encoding="UTF-8"?>
<robot generator="Robot 7.0 (Python 3.12.3 on win32)" generated="2024-09-24T12:29:52.826355" rpa="false" schemaversion="5">
<suite id="s1" name="Test" source="C:\PROJETOS\Theoriginals-Robot-api\test">
<suite id="s1-s1" name="Company" source="C:\PROJETOS\Theoriginals-Robot-api\test\company">
<suite id="s1-s1-s1" name="Delete" source="C:\PROJETOS\Theoriginals-Robot-api\test\company\delete.robot">
<test id="s1-s1-s1-t1" name="Deletar company" line="7">
<kw name="Criar sessão autorizada" owner="login">
<kw name="Criar sessão" owner="login">
<kw name="Create Dictionary" owner="BuiltIn">
<msg time="2024-09-24T12:29:53.186580" level="INFO">${headers} = {'accept': 'application/json', 'Content-Type': 'application/json'}</msg>
<var>${headers}</var>
<arg>accept=application/json</arg>
<arg>Content-Type=application/json</arg>
<doc>Creates and returns a dictionary based on the given ``items``.</doc>
<status status="PASS" start="2024-09-24T12:29:53.186580" elapsed="0.000000"/>
</kw>
<kw name="Create Session" owner="RequestsLibrary">
<msg time="2024-09-24T12:29:53.187581" level="INFO">Creating Session using : alias=theoriginals, url=https://the-originals.qacoders-academy.com.br, headers={'accept': 'application/json', 'Content-Type': 'application/json'},                     cookies={}, auth=None, timeout=None, proxies=None, verify=False,                     debug=0 </msg>
<arg>alias=theoriginals</arg>
<arg>url=https://the-originals.qacoders-academy.com.br</arg>
<arg>headers=${headers}</arg>
<doc>Create Session: create a HTTP session to a server</doc>
<status status="PASS" start="2024-09-24T12:29:53.187581" elapsed="0.000000"/>
</kw>
<status status="PASS" start="2024-09-24T12:29:53.185583" elapsed="0.001998"/>
</kw>
<kw name="Login com usuário sysadmin" owner="login">
<kw name="Create Dictionary" owner="BuiltIn">
<msg time="2024-09-24T12:29:53.188582" level="INFO">${body} = {'mail': 'sysadmin@qacoders.com', 'password': '1234@Test'}</msg>
<var>${body}</var>
<arg>mail=sysadmin@qacoders.com</arg>
<arg>password=1234@Test</arg>
<doc>Creates and returns a dictionary based on the given ``items``.</doc>
<status status="PASS" start="2024-09-24T12:29:53.188582" elapsed="0.000000"/>
</kw>
<kw name="Log" owner="BuiltIn">
<msg time="2024-09-24T12:29:53.189584" level="INFO">{'mail': 'sysadmin@qacoders.com', 'password': '1234@Test'}</msg>
<arg>${body}</arg>
<doc>Logs the given message with the given level.</doc>
<status status="PASS" start="2024-09-24T12:29:53.188582" elapsed="0.001002"/>
</kw>
<kw name="Criar sessão" owner="login">
<kw name="Create Dictionary" owner="BuiltIn">
<msg time="2024-09-24T12:29:53.190582" level="INFO">${headers} = {'accept': 'application/json', 'Content-Type': 'application/json'}</msg>
<var>${headers}</var>
<arg>accept=application/json</arg>
<arg>Content-Type=application/json</arg>
<doc>Creates and returns a dictionary based on the given ``items``.</doc>
<status status="PASS" start="2024-09-24T12:29:53.189584" elapsed="0.000998"/>
</kw>
<kw name="Create Session" owner="RequestsLibrary">
<msg time="2024-09-24T12:29:53.190582" level="INFO">Creating Session using : alias=theoriginals, url=https://the-originals.qacoders-academy.com.br, headers={'accept': 'application/json', 'Content-Type': 'application/json'},                     cookies={}, auth=None, timeout=None, proxies=None, verify=False,                     debug=0 </msg>
<arg>alias=theoriginals</arg>
<arg>url=https://the-originals.qacoders-academy.com.br</arg>
<arg>headers=${headers}</arg>
<doc>Create Session: create a HTTP session to a server</doc>
<status status="PASS" start="2024-09-24T12:29:53.190582" elapsed="0.000000"/>
</kw>
<status status="PASS" start="2024-09-24T12:29:53.189584" elapsed="0.000998"/>
</kw>
<kw name="POST On Session" owner="RequestsLibrary">
<msg time="2024-09-24T12:30:14.229444" level="WARN">Retrying (RetryAdapter(total=2, connect=None, read=None, redirect=None, status=None)) after connection broken by 'ConnectTimeoutError(&lt;urllib3.connection.HTTPSConnection object at 0x000001B2DC1BE030&gt;, 'Connection to the-originals.qacoders-academy.com.br timed out. (connect timeout=None)')': /api/login</msg>
<msg time="2024-09-24T12:30:35.482170" level="WARN">Retrying (RetryAdapter(total=1, connect=None, read=None, redirect=None, status=None)) after connection broken by 'ConnectTimeoutError(&lt;urllib3.connection.HTTPSConnection object at 0x000001B2DC1BE270&gt;, 'Connection to the-originals.qacoders-academy.com.br timed out. (connect timeout=None)')': /api/login</msg>
<msg time="2024-09-24T12:30:56.922066" level="WARN">Retrying (RetryAdapter(total=0, connect=None, read=None, redirect=None, status=None)) after connection broken by 'ConnectTimeoutError(&lt;urllib3.connection.HTTPSConnection object at 0x000001B2DC1BE4B0&gt;, 'Connection to the-originals.qacoders-academy.com.br timed out. (connect timeout=None)')': /api/login</msg>
<msg time="2024-09-24T12:31:17.986735" level="FAIL">ConnectTimeout: HTTPSConnectionPool(host='the-originals.qacoders-academy.com.br', port=443): Max retries exceeded with url: /api/login (Caused by ConnectTimeoutError(&lt;urllib3.connection.HTTPSConnection object at 0x000001B2DC1BE6C0&gt;, 'Connection to the-originals.qacoders-academy.com.br timed out. (connect timeout=None)'))</msg>
<var>${resposta}</var>
<arg>alias=theoriginals</arg>
<arg>url=/api/login</arg>
<arg>json=${body}</arg>
<doc>Sends a POST request on a previously created HTTP Session.</doc>
<status status="FAIL" start="2024-09-24T12:29:53.191582" elapsed="84.809157">ConnectTimeout: HTTPSConnectionPool(host='the-originals.qacoders-academy.com.br', port=443): Max retries exceeded with url: /api/login (Caused by ConnectTimeoutError(&lt;urllib3.connection.HTTPSConnection object at 0x000001B2DC1BE6C0&gt;, 'Connection to the-originals.qacoders-academy.com.br timed out. (connect timeout=None)'))</status>
</kw>
<kw name="Set Test Variable" owner="BuiltIn">
<arg>${TOKEN}</arg>
<arg>${resposta.json()["token"]}</arg>
<doc>Makes a variable available everywhere within the scope of the current test.</doc>
<status status="NOT RUN" start="2024-09-24T12:31:18.001740" elapsed="0.000000"/>
</kw>
<status status="FAIL" start="2024-09-24T12:29:53.188582" elapsed="84.813158">ConnectTimeout: HTTPSConnectionPool(host='the-originals.qacoders-academy.com.br', port=443): Max retries exceeded with url: /api/login (Caused by ConnectTimeoutError(&lt;urllib3.connection.HTTPSConnection object at 0x000001B2DC1BE6C0&gt;, 'Connection to the-originals.qacoders-academy.com.br timed out. (connect timeout=None)'))</status>
</kw>
<kw name="Create Dictionary" owner="BuiltIn">
<var>${headers}</var>
<arg>accept=application/json</arg>
<arg>Content-Type=application/json</arg>
<arg>Authorization=${TOKEN}</arg>
<doc>Creates and returns a dictionary based on the given ``items``.</doc>
<status status="NOT RUN" start="2024-09-24T12:31:18.002740" elapsed="0.000000"/>
</kw>
<kw name="Create Session" owner="RequestsLibrary">
<arg>alias=theoriginals</arg>
<arg>url=https://the-originals.qacoders-academy.com.br</arg>
<arg>headers=${headers}</arg>
<doc>Create Session: create a HTTP session to a server</doc>
<status status="NOT RUN" start="2024-09-24T12:31:18.002740" elapsed="0.001000"/>
</kw>
<status status="FAIL" start="2024-09-24T12:29:53.184560" elapsed="84.819180">ConnectTimeout: HTTPSConnectionPool(host='the-originals.qacoders-academy.com.br', port=443): Max retries exceeded with url: /api/login (Caused by ConnectTimeoutError(&lt;urllib3.connection.HTTPSConnection object at 0x000001B2DC1BE6C0&gt;, 'Connection to the-originals.qacoders-academy.com.br timed out. (connect timeout=None)'))</status>
</kw>
<kw name="Criar dados da company" owner="company">
<status status="NOT RUN" start="2024-09-24T12:31:18.004740" elapsed="0.001001"/>
</kw>
<kw name="Cadastrar company" owner="company">
<status status="NOT RUN" start="2024-09-24T12:31:18.005741" elapsed="0.000999"/>
</kw>
<kw name="Deletar company" owner="company">
<status status="NOT RUN" start="2024-09-24T12:31:18.006740" elapsed="0.000000"/>
</kw>
<status status="FAIL" start="2024-09-24T12:29:53.183568" elapsed="84.824171">ConnectTimeout: HTTPSConnectionPool(host='the-originals.qacoders-academy.com.br', port=443): Max retries exceeded with url: /api/login (Caused by ConnectTimeoutError(&lt;urllib3.connection.HTTPSConnection object at 0x000001B2DC1BE6C0&gt;, 'Connection to the-originals.qacoders-academy.com.br timed out. (connect timeout=None)'))</status>
</test>
<status status="FAIL" start="2024-09-24T12:29:52.927710" elapsed="85.084030"/>
</suite>
<suite id="s1-s1-s2" name="Get" source="C:\PROJETOS\Theoriginals-Robot-api\test\company\get.robot">
<test id="s1-s1-s2-t1" name="Listar company" line="7">
<kw name="Criar sessão autorizada" owner="login">
<kw name="Criar sessão" owner="login">
<kw name="Create Dictionary" owner="BuiltIn">
<msg time="2024-09-24T12:31:18.055743" level="INFO">${headers} = {'accept': 'application/json', 'Content-Type': 'application/json'}</msg>
<var>${headers}</var>
<arg>accept=application/json</arg>
<arg>Content-Type=application/json</arg>
<doc>Creates and returns a dictionary based on the given ``items``.</doc>
<status status="PASS" start="2024-09-24T12:31:18.055743" elapsed="0.001000"/>
</kw>
<kw name="Create Session" owner="RequestsLibrary">
<msg time="2024-09-24T12:31:18.056743" level="INFO">Creating Session using : alias=theoriginals, url=https://the-originals.qacoders-academy.com.br, headers={'accept': 'application/json', 'Content-Type': 'application/json'},                     cookies={}, auth=None, timeout=None, proxies=None, verify=False,                     debug=0 </msg>
<arg>alias=theoriginals</arg>
<arg>url=https://the-originals.qacoders-academy.com.br</arg>
<arg>headers=${headers}</arg>
<doc>Create Session: create a HTTP session to a server</doc>
<status status="PASS" start="2024-09-24T12:31:18.056743" elapsed="0.001000"/>
</kw>
<status status="PASS" start="2024-09-24T12:31:18.054743" elapsed="0.003000"/>
</kw>
<kw name="Login com usuário sysadmin" owner="login">
<kw name="Create Dictionary" owner="BuiltIn">
<msg time="2024-09-24T12:31:18.058743" level="INFO">${body} = {'mail': 'sysadmin@qacoders.com', 'password': '1234@Test'}</msg>
<var>${body}</var>
<arg>mail=sysadmin@qacoders.com</arg>
<arg>password=1234@Test</arg>
<doc>Creates and returns a dictionary based on the given ``items``.</doc>
<status status="PASS" start="2024-09-24T12:31:18.058743" elapsed="0.000000"/>
</kw>
<kw name="Log" owner="BuiltIn">
<msg time="2024-09-24T12:31:18.059744" level="INFO">{'mail': 'sysadmin@qacoders.com', 'password': '1234@Test'}</msg>
<arg>${body}</arg>
<doc>Logs the given message with the given level.</doc>
<status status="PASS" start="2024-09-24T12:31:18.059744" elapsed="0.000000"/>
</kw>
<kw name="Criar sessão" owner="login">
<kw name="Create Dictionary" owner="BuiltIn">
<msg time="2024-09-24T12:31:18.060744" level="INFO">${headers} = {'accept': 'application/json', 'Content-Type': 'application/json'}</msg>
<var>${headers}</var>
<arg>accept=application/json</arg>
<arg>Content-Type=application/json</arg>
<doc>Creates and returns a dictionary based on the given ``items``.</doc>
<status status="PASS" start="2024-09-24T12:31:18.059744" elapsed="0.001000"/>
</kw>
<kw name="Create Session" owner="RequestsLibrary">
<msg time="2024-09-24T12:31:18.060744" level="INFO">Creating Session using : alias=theoriginals, url=https://the-originals.qacoders-academy.com.br, headers={'accept': 'application/json', 'Content-Type': 'application/json'},                     cookies={}, auth=None, timeout=None, proxies=None, verify=False,                     debug=0 </msg>
<arg>alias=theoriginals</arg>
<arg>url=https://the-originals.qacoders-academy.com.br</arg>
<arg>headers=${headers}</arg>
<doc>Create Session: create a HTTP session to a server</doc>
<status status="PASS" start="2024-09-24T12:31:18.060744" elapsed="0.000000"/>
</kw>
<status status="PASS" start="2024-09-24T12:31:18.059744" elapsed="0.001000"/>
</kw>
<kw name="POST On Session" owner="RequestsLibrary">
<msg time="2024-09-24T12:31:39.099354" level="WARN">Retrying (RetryAdapter(total=2, connect=None, read=None, redirect=None, status=None)) after connection broken by 'ConnectTimeoutError(&lt;urllib3.connection.HTTPSConnection object at 0x000001B2DC1BF800&gt;, 'Connection to the-originals.qacoders-academy.com.br timed out. (connect timeout=None)')': /api/login</msg>
<msg time="2024-09-24T12:32:00.335130" level="WARN">Retrying (RetryAdapter(total=1, connect=None, read=None, redirect=None, status=None)) after connection broken by 'ConnectTimeoutError(&lt;urllib3.connection.HTTPSConnection object at 0x000001B2DC1BF740&gt;, 'Connection to the-originals.qacoders-academy.com.br timed out. (connect timeout=None)')': /api/login</msg>
<msg time="2024-09-24T12:32:21.790800" level="WARN">Retrying (RetryAdapter(total=0, connect=None, read=None, redirect=None, status=None)) after connection broken by 'ConnectTimeoutError(&lt;urllib3.connection.HTTPSConnection object at 0x000001B2DC1BC5F0&gt;, 'Connection to the-originals.qacoders-academy.com.br timed out. (connect timeout=None)')': /api/login</msg>
<msg time="2024-09-24T12:32:42.824027" level="FAIL">ConnectTimeout: HTTPSConnectionPool(host='the-originals.qacoders-academy.com.br', port=443): Max retries exceeded with url: /api/login (Caused by ConnectTimeoutError(&lt;urllib3.connection.HTTPSConnection object at 0x000001B2DC1BC140&gt;, 'Connection to the-originals.qacoders-academy.com.br timed out. (connect timeout=None)'))</msg>
<var>${resposta}</var>
<arg>alias=theoriginals</arg>
<arg>url=/api/login</arg>
<arg>json=${body}</arg>
<doc>Sends a POST request on a previously created HTTP Session.</doc>
<status status="FAIL" start="2024-09-24T12:31:18.061744" elapsed="84.769289">ConnectTimeout: HTTPSConnectionPool(host='the-originals.qacoders-academy.com.br', port=443): Max retries exceeded with url: /api/login (Caused by ConnectTimeoutError(&lt;urllib3.connection.HTTPSConnection object at 0x000001B2DC1BC140&gt;, 'Connection to the-originals.qacoders-academy.com.br timed out. (connect timeout=None)'))</status>
</kw>
<kw name="Set Test Variable" owner="BuiltIn">
<arg>${TOKEN}</arg>
<arg>${resposta.json()["token"]}</arg>
<doc>Makes a variable available everywhere within the scope of the current test.</doc>
<status status="NOT RUN" start="2024-09-24T12:32:42.832034" elapsed="0.000000"/>
</kw>
<status status="FAIL" start="2024-09-24T12:31:18.057743" elapsed="84.774291">ConnectTimeout: HTTPSConnectionPool(host='the-originals.qacoders-academy.com.br', port=443): Max retries exceeded with url: /api/login (Caused by ConnectTimeoutError(&lt;urllib3.connection.HTTPSConnection object at 0x000001B2DC1BC140&gt;, 'Connection to the-originals.qacoders-academy.com.br timed out. (connect timeout=None)'))</status>
</kw>
<kw name="Create Dictionary" owner="BuiltIn">
<var>${headers}</var>
<arg>accept=application/json</arg>
<arg>Content-Type=application/json</arg>
<arg>Authorization=${TOKEN}</arg>
<doc>Creates and returns a dictionary based on the given ``items``.</doc>
<status status="NOT RUN" start="2024-09-24T12:32:42.833034" elapsed="0.000000"/>
</kw>
<kw name="Create Session" owner="RequestsLibrary">
<arg>alias=theoriginals</arg>
<arg>url=https://the-originals.qacoders-academy.com.br</arg>
<arg>headers=${headers}</arg>
<doc>Create Session: create a HTTP session to a server</doc>
<status status="NOT RUN" start="2024-09-24T12:32:42.833034" elapsed="0.000000"/>
</kw>
<status status="FAIL" start="2024-09-24T12:31:18.054743" elapsed="84.778291">ConnectTimeout: HTTPSConnectionPool(host='the-originals.qacoders-academy.com.br', port=443): Max retries exceeded with url: /api/login (Caused by ConnectTimeoutError(&lt;urllib3.connection.HTTPSConnection object at 0x000001B2DC1BC140&gt;, 'Connection to the-originals.qacoders-academy.com.br timed out. (connect timeout=None)'))</status>
</kw>
<kw name="Listar company" owner="company">
<status status="NOT RUN" start="2024-09-24T12:32:42.834033" elapsed="0.000000"/>
</kw>
<status status="FAIL" start="2024-09-24T12:31:18.052743" elapsed="84.782288">